Pacman-CynthiaTest/DementiaAid/wear/build/outputs/logs/manifest-merger-debug-report.txt
-- Merging decision tree log ---
manifest
ADDED from src/main/AndroidManifest.xml:2:1-29:12
	xmlns:android
		ADDED from src/main/AndroidManifest.xml:2:11-69
	package
		ADDED from src/main/AndroidManifest.xml:3:5-36
		INJECTED from src/main/AndroidManifest.xml
		INJECTED from src/main/AndroidManifest.xml
	android:versionName
		INJECTED from src/main/AndroidManifest.xml
		INJECTED from src/main/AndroidManifest.xml
	android:versionCode
		INJECTED from src/main/AndroidManifest.xml
		INJECTED from src/main/AndroidManifest.xml
uses-feature#android.hardware.type.watch
ADDED from src/main/AndroidManifest.xml:5:5-64
	android:name
		ADDED from src/main/AndroidManifest.xml:5:19-61
application
ADDED from src/main/AndroidManifest.xml:7:5-27:19
MERGED from [com.google.android.support:wearable:1.3.0] AndroidManifest.xml:8:5-20
MERGED from [com.android.support:recyclerview-v7:22.0.0] AndroidManifest.xml:22:5-26:19
MERGED from [com.android.support:support-v4:22.2.0] AndroidManifest.xml:22:5-20
MERGED from [com.android.support:support-v4:22.2.0] AndroidManifest.xml:22:5-20
MERGED from [com.google.android.gms:play-services-wearable:7.8.0] AndroidManifest.xml:19:5-20
MERGED from [com.google.android.gms:play-services-base:7.8.0] AndroidManifest.xml:20:5-24:19
MERGED from [com.android.support:support-v4:22.2.0] AndroidManifest.xml:22:5-20
MERGED from [com.google.maps.android:android-maps-utils:0.3.4] AndroidManifest.xml:7:5-20
	android:label
		ADDED from src/main/AndroidManifest.xml:10:9-41
	android:allowBackup
		ADDED from src/main/AndroidManifest.xml:8:9-35
	android:icon
		ADDED from src/main/AndroidManifest.xml:9:9-43
	android:theme
		ADDED from src/main/AndroidManifest.xml:11:9-59
uses-permission#android.permission.INTERNET
ADDED from src/main/AndroidManifest.xml:12:9-71
	android:name
		ADDED from src/main/AndroidManifest.xml:12:26-68
uses-permission#android.permission.WRITE_EXTERNAL_STORAGE
ADDED from src/main/AndroidManifest.xml:13:9-85
	android:name
		ADDED from src/main/AndroidManifest.xml:13:26-82
uses-permission#android.permission.ACCESS_WIFI_STATE
ADDED from src/main/AndroidManifest.xml:14:9-80
	android:name
		ADDED from src/main/AndroidManifest.xml:14:26-77
uses-permission#android.permission.CHANGE_WIFI_STATE
ADDED from src/main/AndroidManifest.xml:15:9-80
	android:name
		ADDED from src/main/AndroidManifest.xml:15:26-77
uses-permission#android.permission.CHANGE_NETWORK_STATE
ADDED from src/main/AndroidManifest.xml:16:9-83
	android:name
		ADDED from src/main/AndroidManifest.xml:16:26-80
uses-permission#android.permission.ACCESS_NETWORK_STATE
ADDED from src/main/AndroidManifest.xml:17:9-83
	android:name
		ADDED from src/main/AndroidManifest.xml:17:26-80
activity#pacman372.dementiaaid.MainActivity
ADDED from src/main/AndroidManifest.xml:18:9-26:20
	android:label
		ADDED from src/main/AndroidManifest.xml:20:13-56
	android:name
		ADDED from src/main/AndroidManifest.xml:19:13-41
intent-filter#android.intent.action.MAIN+android.intent.category.LAUNCHER
ADDED from src/main/AndroidManifest.xml:21:13-25:29
action#android.intent.action.MAIN
ADDED from src/main/AndroidManifest.xml:22:17-69
	android:name
		ADDED from src/main/AndroidManifest.xml:22:25-66
category#android.intent.category.LAUNCHER
ADDED from src/main/AndroidManifest.xml:24:17-77
	android:name
		ADDED from src/main/AndroidManifest.xml:24:27-74
uses-sdk
INJECTED from src/main/AndroidManifest.xml reason: use-sdk injection requested
MERGED from [com.google.android.support:wearable:1.3.0] AndroidManifest.xml:4:5-6:41
MERGED from [com.android.support:recyclerview-v7:22.0.0] AndroidManifest.xml:20:5-43
MERGED from [com.android.support:support-v4:22.2.0] AndroidManifest.xml:20:5-43
MERGED from [com.android.support:support-v4:22.2.0] AndroidManifest.xml:20:5-43
MERGED from [com.google.android.gms:play-services-wearable:7.8.0] AndroidManifest.xml:18:5-42
MERGED from [com.google.android.gms:play-services-base:7.8.0] AndroidManifest.xml:18:5-42
MERGED from [com.android.support:support-v4:22.2.0] AndroidManifest.xml:20:5-43
MERGED from [com.google.maps.android:android-maps-utils:0.3.4] AndroidManifest.xml:5:5-43
	android:targetSdkVersion
		INJECTED from src/main/AndroidManifest.xml
		INJECTED from src/main/AndroidManifest.xml
	android:minSdkVersion
		INJECTED from src/main/AndroidManifest.xml
		INJECTED from src/main/AndroidManifest.xml
activity#android.support.v7.widget.TestActivity
ADDED from [com.android.support:recyclerview-v7:22.0.0] AndroidManifest.xml:23:9-25:56
	android:label
		ADDED from [com.android.support:recyclerview-v7:22.0.0] AndroidManifest.xml:25:13-53
	android:name
		ADDED from [com.android.support:recyclerview-v7:22.0.0] AndroidManifest.xml:24:13-66
meta-data#com.google.android.gms.version
ADDED from [com.google.android.gms:play-services-base:7.8.0] AndroidManifest.xml:21:9-23:69
	android:name
		ADDED from [com.google.android.gms:play-services-base:7.8.0] AndroidManifest.xml:22:13-58
	android:value
		ADDED from [com.google.android.gms:play-services-base:7.8.0] AndroidManifest.xml:23:13-66